2022-11-20T01:35:30+00:00 CRITICAL Uncaught Error: Failed opening required 'C:\xampp\htdocs\woocommerce-bode\wp-content\plugins\woocommerce-bode\vendor\autoload.php' (include_path='C:\xampp\php\PEAR') in C:\xampp\htdocs\woocomerce\wordpress\wp-content\plugins\woocommerce-bode\templates\login.php:70
Stack trace:
#0 C:\xampp\htdocs\woocomerce\wordpress\wp-content\plugins\woocommerce-bode\bode.php(62): require_once()
#1 C:\xampp\htdocs\woocomerce\wordpress\wp-includes\class-wp-hook.php(308): Bode->admin_index('')
#2 C:\xampp\htdocs\woocomerce\wordpress\wp-includes\class-wp-hook.php(332): WP_Hook->apply_filters('', Array)
#3 C:\xampp\htdocs\woocomerce\wordpress\wp-includes\plugin.php(517): WP_Hook->do_action(Array)
#4 C:\xampp\htdocs\woocomerce\wordpress\wp-admin\admin.php(259): do_action('toplevel_page_b...')
#5 {main}
  thrown en C:\xampp\htdocs\woocomerce\wordpress\wp-content\plugins\woocommerce-bode\templates\login.php en la línea 70

2022-11-20T01:37:43+00:00 CRITICAL Uncaught Error: Failed opening required 'C:\xampp\htdocs\woocommerce-bode\wp-content\plugins\woocommerce-bode\vendor\autoload.php' (include_path='C:\xampp\php\PEAR') in C:\xampp\htdocs\woocomerce\wordpress\wp-content\plugins\woocommerce-bode\templates\login.php:70
Stack trace:
#0 C:\xampp\htdocs\woocomerce\wordpress\wp-content\plugins\woocommerce-bode\bode.php(62): require_once()
#1 C:\xampp\htdocs\woocomerce\wordpress\wp-includes\class-wp-hook.php(308): Bode->admin_index('')
#2 C:\xampp\htdocs\woocomerce\wordpress\wp-includes\class-wp-hook.php(332): WP_Hook->apply_filters('', Array)
#3 C:\xampp\htdocs\woocomerce\wordpress\wp-includes\plugin.php(517): WP_Hook->do_action(Array)
#4 C:\xampp\htdocs\woocomerce\wordpress\wp-admin\admin.php(259): do_action('toplevel_page_b...')
#5 {main}
  thrown en C:\xampp\htdocs\woocomerce\wordpress\wp-content\plugins\woocommerce-bode\templates\login.php en la línea 70

2022-11-20T01:39:10+00:00 CRITICAL Uncaught Error: Class "WCV_Vendors" not found in C:\xampp\htdocs\woocomerce\wordpress\wp-content\plugins\woocommerce-bode\templates\login.php:94
Stack trace:
#0 C:\xampp\htdocs\woocomerce\wordpress\wp-content\plugins\woocommerce-bode\bode.php(62): require_once()
#1 C:\xampp\htdocs\woocomerce\wordpress\wp-includes\class-wp-hook.php(308): Bode->admin_index('')
#2 C:\xampp\htdocs\woocomerce\wordpress\wp-includes\class-wp-hook.php(332): WP_Hook->apply_filters('', Array)
#3 C:\xampp\htdocs\woocomerce\wordpress\wp-includes\plugin.php(517): WP_Hook->do_action(Array)
#4 C:\xampp\htdocs\woocomerce\wordpress\wp-admin\admin.php(259): do_action('toplevel_page_b...')
#5 {main}
  thrown en C:\xampp\htdocs\woocomerce\wordpress\wp-content\plugins\woocommerce-bode\templates\login.php en la línea 94

2022-11-20T01:44:28+00:00 CRITICAL Uncaught Error: Non-static method WC_Data::get_id() cannot be called statically in C:\xampp\htdocs\woocomerce\wordpress\wp-content\plugins\woocommerce-bode\templates\login.php:97
Stack trace:
#0 C:\xampp\htdocs\woocomerce\wordpress\wp-content\plugins\woocommerce-bode\bode.php(62): require_once()
#1 C:\xampp\htdocs\woocomerce\wordpress\wp-includes\class-wp-hook.php(308): Bode->admin_index('')
#2 C:\xampp\htdocs\woocomerce\wordpress\wp-includes\class-wp-hook.php(332): WP_Hook->apply_filters('', Array)
#3 C:\xampp\htdocs\woocomerce\wordpress\wp-includes\plugin.php(517): WP_Hook->do_action(Array)
#4 C:\xampp\htdocs\woocomerce\wordpress\wp-admin\admin.php(259): do_action('toplevel_page_b...')
#5 {main}
  thrown en C:\xampp\htdocs\woocomerce\wordpress\wp-content\plugins\woocommerce-bode\templates\login.php en la línea 97

2022-11-20T01:51:51+00:00 CRITICAL Uncaught Error: Non-static method WC_Data::get_id() cannot be called statically in C:\xampp\htdocs\woocomerce\wordpress\wp-content\plugins\woocommerce-bode\templates\login.php:97
Stack trace:
#0 C:\xampp\htdocs\woocomerce\wordpress\wp-content\plugins\woocommerce-bode\bode.php(62): require_once()
#1 C:\xampp\htdocs\woocomerce\wordpress\wp-includes\class-wp-hook.php(308): Bode->admin_index('')
#2 C:\xampp\htdocs\woocomerce\wordpress\wp-includes\class-wp-hook.php(332): WP_Hook->apply_filters('', Array)
#3 C:\xampp\htdocs\woocomerce\wordpress\wp-includes\plugin.php(517): WP_Hook->do_action(Array)
#4 C:\xampp\htdocs\woocomerce\wordpress\wp-admin\admin.php(259): do_action('toplevel_page_b...')
#5 {main}
  thrown en C:\xampp\htdocs\woocomerce\wordpress\wp-content\plugins\woocommerce-bode\templates\login.php en la línea 97

2022-11-20T02:04:06+00:00 CRITICAL syntax error, unexpected variable "$vendor_shop", expecting "," or ";" en C:\xampp\htdocs\woocomerce\wordpress\wp-content\plugins\woocommerce-bode\templates\login.php en la línea 95

2022-11-20T02:04:18+00:00 CRITICAL Uncaught Error: Object of class Automattic\WooCommerce\Client could not be converted to string in C:\xampp\htdocs\woocomerce\wordpress\wp-content\plugins\woocommerce-bode\templates\login.php:83
Stack trace:
#0 C:\xampp\htdocs\woocomerce\wordpress\wp-content\plugins\woocommerce-bode\bode.php(62): require_once()
#1 C:\xampp\htdocs\woocomerce\wordpress\wp-includes\class-wp-hook.php(308): Bode->admin_index('')
#2 C:\xampp\htdocs\woocomerce\wordpress\wp-includes\class-wp-hook.php(332): WP_Hook->apply_filters('', Array)
#3 C:\xampp\htdocs\woocomerce\wordpress\wp-includes\plugin.php(517): WP_Hook->do_action(Array)
#4 C:\xampp\htdocs\woocomerce\wordpress\wp-admin\admin.php(259): do_action('toplevel_page_b...')
#5 {main}
  thrown en C:\xampp\htdocs\woocomerce\wordpress\wp-content\plugins\woocommerce-bode\templates\login.php en la línea 83

2022-11-20T02:04:20+00:00 CRITICAL Uncaught Error: Object of class Automattic\WooCommerce\Client could not be converted to string in C:\xampp\htdocs\woocomerce\wordpress\wp-content\plugins\woocommerce-bode\templates\login.php:83
Stack trace:
#0 C:\xampp\htdocs\woocomerce\wordpress\wp-content\plugins\woocommerce-bode\bode.php(62): require_once()
#1 C:\xampp\htdocs\woocomerce\wordpress\wp-includes\class-wp-hook.php(308): Bode->admin_index('')
#2 C:\xampp\htdocs\woocomerce\wordpress\wp-includes\class-wp-hook.php(332): WP_Hook->apply_filters('', Array)
#3 C:\xampp\htdocs\woocomerce\wordpress\wp-includes\plugin.php(517): WP_Hook->do_action(Array)
#4 C:\xampp\htdocs\woocomerce\wordpress\wp-admin\admin.php(259): do_action('toplevel_page_b...')
#5 {main}
  thrown en C:\xampp\htdocs\woocomerce\wordpress\wp-content\plugins\woocommerce-bode\templates\login.php en la línea 83

2022-11-20T02:05:23+00:00 CRITICAL Uncaught Automattic\WooCommerce\HttpClient\HttpClientException: JSON ERROR: Syntax error in C:\xampp\htdocs\woocomerce\wordpress\wp-content\plugins\woocommerce-bode\vendor\automattic\woocommerce\src\WooCommerce\HttpClient\HttpClient.php:411
Stack trace:
#0 C:\xampp\htdocs\woocomerce\wordpress\wp-content\plugins\woocommerce-bode\vendor\automattic\woocommerce\src\WooCommerce\HttpClient\HttpClient.php(455): Automattic\WooCommerce\HttpClient\HttpClient->processResponse()
#1 C:\xampp\htdocs\woocomerce\wordpress\wp-content\plugins\woocommerce-bode\vendor\automattic\woocommerce\src\WooCommerce\Client.php(82): Automattic\WooCommerce\HttpClient\HttpClient->request('shop', 'GET', Array, Array)
#2 C:\xampp\htdocs\woocomerce\wordpress\wp-content\plugins\woocommerce-bode\templates\login.php(83): Automattic\WooCommerce\Client->get('shop')
#3 C:\xampp\htdocs\woocomerce\wordpress\wp-content\plugins\woocommerce-bode\bode.php(62): require_once('C:\\xampp\\htdocs...')
#4 C:\xampp\htdocs\woocomerce\wordpress\wp-includes\class-wp-hook.php(308): Bode->admin_index('')
#5 C:\xampp\htdocs\woocomerce\wordpress\wp-includes\class-wp-hook.php(332): WP_Hook->apply_filters('', Array)
#6 C:\xampp\htdocs\woocomerce\wordpress\wp-includes\plugin.php(517): WP_Hook->do_action(Array)
#7 C:\xampp\htdocs\woocomerce\wordpress\wp-admin\admin.php(259): do_action('toplevel_page_b...')
#8 {main}
  thrown en C:\xampp\htdocs\woocomerce\wordpress\wp-content\plugins\woocommerce-bode\vendor\automattic\woocommerce\src\WooCommerce\HttpClient\HttpClient.php en la línea 411

2022-11-20T02:06:33+00:00 CRITICAL Uncaught Automattic\WooCommerce\HttpClient\HttpClientException: JSON ERROR: Syntax error in C:\xampp\htdocs\woocomerce\wordpress\wp-content\plugins\woocommerce-bode\vendor\automattic\woocommerce\src\WooCommerce\HttpClient\HttpClient.php:411
Stack trace:
#0 C:\xampp\htdocs\woocomerce\wordpress\wp-content\plugins\woocommerce-bode\vendor\automattic\woocommerce\src\WooCommerce\HttpClient\HttpClient.php(455): Automattic\WooCommerce\HttpClient\HttpClient->processResponse()
#1 C:\xampp\htdocs\woocomerce\wordpress\wp-content\plugins\woocommerce-bode\vendor\automattic\woocommerce\src\WooCommerce\Client.php(82): Automattic\WooCommerce\HttpClient\HttpClient->request('products', 'GET', Array, Array)
#2 C:\xampp\htdocs\woocomerce\wordpress\wp-content\plugins\woocommerce-bode\templates\login.php(83): Automattic\WooCommerce\Client->get('products')
#3 C:\xampp\htdocs\woocomerce\wordpress\wp-content\plugins\woocommerce-bode\bode.php(62): require_once('C:\\xampp\\htdocs...')
#4 C:\xampp\htdocs\woocomerce\wordpress\wp-includes\class-wp-hook.php(308): Bode->admin_index('')
#5 C:\xampp\htdocs\woocomerce\wordpress\wp-includes\class-wp-hook.php(332): WP_Hook->apply_filters('', Array)
#6 C:\xampp\htdocs\woocomerce\wordpress\wp-includes\plugin.php(517): WP_Hook->do_action(Array)
#7 C:\xampp\htdocs\woocomerce\wordpress\wp-admin\admin.php(259): do_action('toplevel_page_b...')
#8 {main}
  thrown en C:\xampp\htdocs\woocomerce\wordpress\wp-content\plugins\woocommerce-bode\vendor\automattic\woocommerce\src\WooCommerce\HttpClient\HttpClient.php en la línea 411

2022-11-20T02:08:22+00:00 CRITICAL Uncaught Automattic\WooCommerce\HttpClient\HttpClientException: JSON ERROR: Syntax error in C:\xampp\htdocs\woocomerce\wordpress\wp-content\plugins\woocommerce-bode\vendor\automattic\woocommerce\src\WooCommerce\HttpClient\HttpClient.php:411
Stack trace:
#0 C:\xampp\htdocs\woocomerce\wordpress\wp-content\plugins\woocommerce-bode\vendor\automattic\woocommerce\src\WooCommerce\HttpClient\HttpClient.php(455): Automattic\WooCommerce\HttpClient\HttpClient->processResponse()
#1 C:\xampp\htdocs\woocomerce\wordpress\wp-content\plugins\woocommerce-bode\vendor\automattic\woocommerce\src\WooCommerce\Client.php(82): Automattic\WooCommerce\HttpClient\HttpClient->request('products', 'GET', Array, Array)
#2 C:\xampp\htdocs\woocomerce\wordpress\wp-content\plugins\woocommerce-bode\templates\login.php(83): Automattic\WooCommerce\Client->get('products')
#3 C:\xampp\htdocs\woocomerce\wordpress\wp-content\plugins\woocommerce-bode\bode.php(62): require_once('C:\\xampp\\htdocs...')
#4 C:\xampp\htdocs\woocomerce\wordpress\wp-includes\class-wp-hook.php(308): Bode->admin_index('')
#5 C:\xampp\htdocs\woocomerce\wordpress\wp-includes\class-wp-hook.php(332): WP_Hook->apply_filters('', Array)
#6 C:\xampp\htdocs\woocomerce\wordpress\wp-includes\plugin.php(517): WP_Hook->do_action(Array)
#7 C:\xampp\htdocs\woocomerce\wordpress\wp-admin\admin.php(259): do_action('toplevel_page_b...')
#8 {main}
  thrown en C:\xampp\htdocs\woocomerce\wordpress\wp-content\plugins\woocommerce-bode\vendor\automattic\woocommerce\src\WooCommerce\HttpClient\HttpClient.php en la línea 411

2022-11-20T02:11:05+00:00 CRITICAL Uncaught Automattic\WooCommerce\HttpClient\HttpClientException: JSON ERROR: Syntax error in C:\xampp\htdocs\woocomerce\wordpress\wp-content\plugins\woocommerce-bode\vendor\automattic\woocommerce\src\WooCommerce\HttpClient\HttpClient.php:411
Stack trace:
#0 C:\xampp\htdocs\woocomerce\wordpress\wp-content\plugins\woocommerce-bode\vendor\automattic\woocommerce\src\WooCommerce\HttpClient\HttpClient.php(455): Automattic\WooCommerce\HttpClient\HttpClient->processResponse()
#1 C:\xampp\htdocs\woocomerce\wordpress\wp-content\plugins\woocommerce-bode\vendor\automattic\woocommerce\src\WooCommerce\Client.php(82): Automattic\WooCommerce\HttpClient\HttpClient->request('products', 'GET', Array, Array)
#2 C:\xampp\htdocs\woocomerce\wordpress\wp-content\plugins\woocommerce-bode\templates\login.php(83): Automattic\WooCommerce\Client->get('products')
#3 C:\xampp\htdocs\woocomerce\wordpress\wp-content\plugins\woocommerce-bode\bode.php(62): require_once('C:\\xampp\\htdocs...')
#4 C:\xampp\htdocs\woocomerce\wordpress\wp-includes\class-wp-hook.php(308): Bode->admin_index('')
#5 C:\xampp\htdocs\woocomerce\wordpress\wp-includes\class-wp-hook.php(332): WP_Hook->apply_filters('', Array)
#6 C:\xampp\htdocs\woocomerce\wordpress\wp-includes\plugin.php(517): WP_Hook->do_action(Array)
#7 C:\xampp\htdocs\woocomerce\wordpress\wp-admin\admin.php(259): do_action('toplevel_page_b...')
#8 {main}
  thrown en C:\xampp\htdocs\woocomerce\wordpress\wp-content\plugins\woocommerce-bode\vendor\automattic\woocommerce\src\WooCommerce\HttpClient\HttpClient.php en la línea 411

2022-11-20T02:16:46+00:00 CRITICAL Uncaught Automattic\WooCommerce\HttpClient\HttpClientException: JSON ERROR: Syntax error in C:\xampp\htdocs\woocomerce\wordpress\wp-content\plugins\woocommerce-bode\vendor\automattic\woocommerce\src\WooCommerce\HttpClient\HttpClient.php:411
Stack trace:
#0 C:\xampp\htdocs\woocomerce\wordpress\wp-content\plugins\woocommerce-bode\vendor\automattic\woocommerce\src\WooCommerce\HttpClient\HttpClient.php(455): Automattic\WooCommerce\HttpClient\HttpClient->processResponse()
#1 C:\xampp\htdocs\woocomerce\wordpress\wp-content\plugins\woocommerce-bode\vendor\automattic\woocommerce\src\WooCommerce\Client.php(82): Automattic\WooCommerce\HttpClient\HttpClient->request('products', 'GET', Array, Array)
#2 C:\xampp\htdocs\woocomerce\wordpress\wp-content\plugins\woocommerce-bode\templates\login.php(84): Automattic\WooCommerce\Client->get('products')
#3 C:\xampp\htdocs\woocomerce\wordpress\wp-content\plugins\woocommerce-bode\bode.php(62): require_once('C:\\xampp\\htdocs...')
#4 C:\xampp\htdocs\woocomerce\wordpress\wp-includes\class-wp-hook.php(308): Bode->admin_index('')
#5 C:\xampp\htdocs\woocomerce\wordpress\wp-includes\class-wp-hook.php(332): WP_Hook->apply_filters('', Array)
#6 C:\xampp\htdocs\woocomerce\wordpress\wp-includes\plugin.php(517): WP_Hook->do_action(Array)
#7 C:\xampp\htdocs\woocomerce\wordpress\wp-admin\admin.php(259): do_action('toplevel_page_b...')
#8 {main}
  thrown en C:\xampp\htdocs\woocomerce\wordpress\wp-content\plugins\woocommerce-bode\vendor\automattic\woocommerce\src\WooCommerce\HttpClient\HttpClient.php en la línea 411

2022-11-20T14:33:07+00:00 CRITICAL Maximum execution time of 120 seconds exceeded en C:\xampp\htdocs\woocomerce\wordpress\wp-content\plugins\woocommerce-bode\templates\login.php en la línea 57

2022-11-20T14:35:43+00:00 CRITICAL Uncaught Automattic\WooCommerce\HttpClient\HttpClientException: JSON ERROR: Syntax error in C:\xampp\htdocs\woocomerce\wordpress\wp-content\plugins\woocommerce-bode\vendor\automattic\woocommerce\src\WooCommerce\HttpClient\HttpClient.php:411
Stack trace:
#0 C:\xampp\htdocs\woocomerce\wordpress\wp-content\plugins\woocommerce-bode\vendor\automattic\woocommerce\src\WooCommerce\HttpClient\HttpClient.php(455): Automattic\WooCommerce\HttpClient\HttpClient->processResponse()
#1 C:\xampp\htdocs\woocomerce\wordpress\wp-content\plugins\woocommerce-bode\vendor\automattic\woocommerce\src\WooCommerce\Client.php(82): Automattic\WooCommerce\HttpClient\HttpClient->request('products', 'GET', Array, Array)
#2 C:\xampp\htdocs\woocomerce\wordpress\wp-content\plugins\woocommerce-bode\templates\login.php(84): Automattic\WooCommerce\Client->get('products')
#3 C:\xampp\htdocs\woocomerce\wordpress\wp-content\plugins\woocommerce-bode\bode.php(62): require_once('C:\\xampp\\htdocs...')
#4 C:\xampp\htdocs\woocomerce\wordpress\wp-includes\class-wp-hook.php(308): Bode->admin_index('')
#5 C:\xampp\htdocs\woocomerce\wordpress\wp-includes\class-wp-hook.php(332): WP_Hook->apply_filters('', Array)
#6 C:\xampp\htdocs\woocomerce\wordpress\wp-includes\plugin.php(517): WP_Hook->do_action(Array)
#7 C:\xampp\htdocs\woocomerce\wordpress\wp-admin\admin.php(259): do_action('toplevel_page_b...')
#8 {main}
  thrown en C:\xampp\htdocs\woocomerce\wordpress\wp-content\plugins\woocommerce-bode\vendor\automattic\woocommerce\src\WooCommerce\HttpClient\HttpClient.php en la línea 411

2022-11-20T14:53:07+00:00 CRITICAL Uncaught Automattic\WooCommerce\HttpClient\HttpClientException: Error: No se encontró una ruta que coincida con la URL y el método de la petición. [rest_no_route] in C:\xampp\htdocs\woocomerce\wordpress\wp-content\plugins\woocommerce-bode\vendor\automattic\woocommerce\src\WooCommerce\HttpClient\HttpClient.php:383
Stack trace:
#0 C:\xampp\htdocs\woocomerce\wordpress\wp-content\plugins\woocommerce-bode\vendor\automattic\woocommerce\src\WooCommerce\HttpClient\HttpClient.php(419): Automattic\WooCommerce\HttpClient\HttpClient->lookForErrors(Object(stdClass))
#1 C:\xampp\htdocs\woocomerce\wordpress\wp-content\plugins\woocommerce-bode\vendor\automattic\woocommerce\src\WooCommerce\HttpClient\HttpClient.php(455): Automattic\WooCommerce\HttpClient\HttpClient->processResponse()
#2 C:\xampp\htdocs\woocomerce\wordpress\wp-content\plugins\woocommerce-bode\vendor\automattic\woocommerce\src\WooCommerce\Client.php(82): Automattic\WooCommerce\HttpClient\HttpClient->request('shop', 'GET', Array, Array)
#3 C:\xampp\htdocs\woocomerce\wordpress\wp-content\plugins\woocommerce-bode\templates\login.php(83): Automattic\WooCommerce\Client->get('shop')
#4 C:\xampp\htdocs\woocomerce\wordpress\wp-content\plugins\woocommerce-bode\bode.php(62): require_once('C:\\xampp\\htdocs...')
#5 C:\xampp\htdocs\woocomerce\wordpress\wp-includes\class-wp-hook.php(308): Bode->admin_index('')
#6 C:\xampp\htdocs\woocomerce\wordpress\wp-includes\class-wp-hook.php(332): WP_Hook->apply_filters('', Array)
#7 C:\xampp\htdocs\woocomerce\wordpress\wp-includes\plugin.php(517): WP_Hook->do_action(Array)
#8 C:\xampp\htdocs\woocomerce\wordpress\wp-admin\admin.php(259): do_action('toplevel_page_b...')
#9 {main}
  thrown en C:\xampp\htdocs\woocomerce\wordpress\wp-content\plugins\woocommerce-bode\vendor\automattic\woocommerce\src\WooCommerce\HttpClient\HttpClient.php en la línea 383

