2022-11-19T16:04:59+00:00 CRITICAL Uncaught Error: Failed opening required 'C:\xampp\htdocs\woocommerce-bode\wp-content\plugins\woocommerce-bode\vendor\autoload.php' (include_path='C:\xampp\php\PEAR') in C:\xampp\htdocs\woocomerce\wordpress\wp-content\plugins\woocommerce-bode\templates\login.php:70
Stack trace:
#0 C:\xampp\htdocs\woocomerce\wordpress\wp-content\plugins\woocommerce-bode\bode.php(62): require_once()
#1 C:\xampp\htdocs\woocomerce\wordpress\wp-includes\class-wp-hook.php(308): Bode->admin_index('')
#2 C:\xampp\htdocs\woocomerce\wordpress\wp-includes\class-wp-hook.php(332): WP_Hook->apply_filters('', Array)
#3 C:\xampp\htdocs\woocomerce\wordpress\wp-includes\plugin.php(517): WP_Hook->do_action(Array)
#4 C:\xampp\htdocs\woocomerce\wordpress\wp-admin\admin.php(259): do_action('toplevel_page_b...')
#5 {main}
  thrown en C:\xampp\htdocs\woocomerce\wordpress\wp-content\plugins\woocommerce-bode\templates\login.php en la línea 70

2022-11-19T16:07:04+00:00 CRITICAL Uncaught Error: Failed opening required 'C:\xampp\htdocs\woocommerce-bode\wp-content\plugins\woocommerce-bode\vendor\autoload.php' (include_path='C:\xampp\php\PEAR') in C:\xampp\htdocs\woocomerce\wordpress\wp-content\plugins\woocommerce-bode\templates\login.php:70
Stack trace:
#0 C:\xampp\htdocs\woocomerce\wordpress\wp-content\plugins\woocommerce-bode\bode.php(62): require_once()
#1 C:\xampp\htdocs\woocomerce\wordpress\wp-includes\class-wp-hook.php(308): Bode->admin_index('')
#2 C:\xampp\htdocs\woocomerce\wordpress\wp-includes\class-wp-hook.php(332): WP_Hook->apply_filters('', Array)
#3 C:\xampp\htdocs\woocomerce\wordpress\wp-includes\plugin.php(517): WP_Hook->do_action(Array)
#4 C:\xampp\htdocs\woocomerce\wordpress\wp-admin\admin.php(259): do_action('toplevel_page_b...')
#5 {main}
  thrown en C:\xampp\htdocs\woocomerce\wordpress\wp-content\plugins\woocommerce-bode\templates\login.php en la línea 70

2022-11-19T16:12:26+00:00 CRITICAL Uncaught Error: Failed opening required 'C:\xampp\htdocs\woocommerce-bode\wp-content\plugins\woocommerce-bode\vendor\autoload.php' (include_path='C:\xampp\php\PEAR') in C:\xampp\htdocs\woocomerce\wordpress\wp-content\plugins\woocommerce-bode\templates\login.php:70
Stack trace:
#0 C:\xampp\htdocs\woocomerce\wordpress\wp-content\plugins\woocommerce-bode\bode.php(62): require_once()
#1 C:\xampp\htdocs\woocomerce\wordpress\wp-includes\class-wp-hook.php(308): Bode->admin_index('')
#2 C:\xampp\htdocs\woocomerce\wordpress\wp-includes\class-wp-hook.php(332): WP_Hook->apply_filters('', Array)
#3 C:\xampp\htdocs\woocomerce\wordpress\wp-includes\plugin.php(517): WP_Hook->do_action(Array)
#4 C:\xampp\htdocs\woocomerce\wordpress\wp-admin\admin.php(259): do_action('toplevel_page_b...')
#5 {main}
  thrown en C:\xampp\htdocs\woocomerce\wordpress\wp-content\plugins\woocommerce-bode\templates\login.php en la línea 70

2022-11-19T16:13:33+00:00 CRITICAL Uncaught Error: Failed opening required 'C:\xampp\htdocs\woocommerce-bode\wp-content\plugins\woocommerce-bode\vendor\autoload.php' (include_path='C:\xampp\php\PEAR') in C:\xampp\htdocs\woocomerce\wordpress\wp-content\plugins\woocommerce-bode\templates\login.php:70
Stack trace:
#0 C:\xampp\htdocs\woocomerce\wordpress\wp-content\plugins\woocommerce-bode\bode.php(62): require_once()
#1 C:\xampp\htdocs\woocomerce\wordpress\wp-includes\class-wp-hook.php(308): Bode->admin_index('')
#2 C:\xampp\htdocs\woocomerce\wordpress\wp-includes\class-wp-hook.php(332): WP_Hook->apply_filters('', Array)
#3 C:\xampp\htdocs\woocomerce\wordpress\wp-includes\plugin.php(517): WP_Hook->do_action(Array)
#4 C:\xampp\htdocs\woocomerce\wordpress\wp-admin\admin.php(259): do_action('toplevel_page_b...')
#5 {main}
  thrown en C:\xampp\htdocs\woocomerce\wordpress\wp-content\plugins\woocommerce-bode\templates\login.php en la línea 70

